<?xml version="1.0" encoding="UTF-8"?>
<testsuite xmlns:xsi="http://www.w3.org/2001/XMLSchema-instance" xsi:noNamespaceSchemaLocation="https://maven.apache.org/surefire/maven-surefire-plugin/xsd/surefire-test-report.xsd" name="com.quickstartdev.librarymanagementsystem.ApplicationTests" time="0.477" tests="1" errors="1" skipped="0" failures="0">
  <properties>
[...]
</properties>
  <testcase name="com.quickstartdev.librarymanagementsystem.ApplicationTests" classname="com.quickstartdev.librarymanagementsystem.ApplicationTests" time="0.472">
    <error message="Unable to find a @SpringBootConfiguration, you need to use @ContextConfiguration or @SpringBootTest(classes=...) with your test" type="java.lang.IllegalStateException">java.lang.IllegalStateException: Unable to find a @SpringBootConfiguration, you need to use @ContextConfiguration or @SpringBootTest(classes=...) with your test
</error>
    <system-out><![CDATA[16:09:57.049 [main] DEBUG org.springframework.test.context.BootstrapUtils - Instantiating CacheAwareContextLoaderDelegate from class [org.springframework.test.context.cache.DefaultCacheAwareContextLoaderDelegate]
16:09:57.071 [main] DEBUG org.springframework.test.context.BootstrapUtils - Instantiating BootstrapContext using constructor [public org.springframework.test.context.support.DefaultBootstrapContext(java.lang.Class,org.springframework.test.context.CacheAwareContextLoaderDelegate)]
16:09:57.140 [main] DEBUG org.springframework.test.context.BootstrapUtils - Instantiating TestContextBootstrapper for test class [com.quickstartdev.librarymanagementsystem.ApplicationTests] from class [org.springframework.boot.test.context.SpringBootTestContextBootstrapper]
16:09:57.162 [main] INFO org.springframework.boot.test.context.SpringBootTestContextBootstrapper - Neither @ContextConfiguration nor @ContextHierarchy found for test class [com.quickstartdev.librarymanagementsystem.ApplicationTests], using SpringBootContextLoader
16:09:57.168 [main] DEBUG org.springframework.test.context.support.AbstractContextLoader - Did not detect default resource location for test class [com.quickstartdev.librarymanagementsystem.ApplicationTests]: class path resource [com/quickstartdev/librarymanagementsystem/ApplicationTests-context.xml] does not exist
16:09:57.169 [main] DEBUG org.springframework.test.context.support.AbstractContextLoader - Did not detect default resource location for test class [com.quickstartdev.librarymanagementsystem.ApplicationTests]: class path resource [com/quickstartdev/librarymanagementsystem/ApplicationTestsContext.groovy] does not exist
16:09:57.169 [main] INFO org.springframework.test.context.support.AbstractContextLoader - Could not detect default resource locations for test class [com.quickstartdev.librarymanagementsystem.ApplicationTests]: no resource found for suffixes {-context.xml, Context.groovy}.
16:09:57.170 [main] INFO org.springframework.test.context.support.AnnotationConfigContextLoaderUtils - Could not detect default configuration classes for test class [com.quickstartdev.librarymanagementsystem.ApplicationTests]: ApplicationTests does not declare any static, non-private, non-final, nested classes annotated with @Configuration.
16:09:57.263 [main] DEBUG org.springframework.test.context.support.ActiveProfilesUtils - Could not find an 'annotation declaring class' for annotation type [org.springframework.test.context.ActiveProfiles] and class [com.quickstartdev.librarymanagementsystem.ApplicationTests]
]]></system-out>
  </testcase>
</testsuite>